==3779== Memcheck, a memory error detector
==3779== Copyright (C) 2002-2017, and GNU GPL'd, by Julian Seward et al.
==3779== Using Valgrind-3.13.0 and LibVEX; rerun with -h for copyright info
==3779== Command: ./cub3d map.cub
==3779== Parent PID: 3778
==3779== 
==3779== 
==3779== HEAP SUMMARY:
==3779==     in use at exit: 32 bytes in 1 blocks
==3779==   total heap usage: 10 allocs, 9 frees, 418 bytes allocated
==3779== 
==3779== 32 bytes in 1 blocks are still reachable in loss record 1 of 1
==3779==    at 0x4C31B25: calloc (in /usr/lib/valgrind/vgpreload_memcheck-amd64-linux.so)
==3779==    by 0x5D617F4: _dlerror_run (dlerror.c:140)
==3779==    by 0x5D61165: dlsym (dlsym.c:70)
==3779==    by 0x4E9FF4: __interception::GetRealFunctionAddress(char const*, unsigned long*, unsigned long, unsigned long) (in /home/user42/Bureau/Cub3D_linux/cub3d)
==3779==    by 0x4C3E63: __asan::InitializeAsanInterceptors() (in /home/user42/Bureau/Cub3D_linux/cub3d)
==3779==    by 0x4E5DF3: __asan::AsanInitInternal() [clone .part.0] (in /home/user42/Bureau/Cub3D_linux/cub3d)
==3779==    by 0x4010855: _dl_init (dl-init.c:104)
==3779==    by 0x40010C9: ??? (in /lib/x86_64-linux-gnu/ld-2.27.so)
==3779==    by 0x1: ???
==3779==    by 0x1FFF0001FA: ???
==3779==    by 0x1FFF000202: ???
==3779== 
==3779== LEAK SUMMARY:
==3779==    definitely lost: 0 bytes in 0 blocks
==3779==    indirectly lost: 0 bytes in 0 blocks
==3779==      possibly lost: 0 bytes in 0 blocks
==3779==    still reachable: 32 bytes in 1 blocks
==3779==         suppressed: 0 bytes in 0 blocks
==3779== 
==3779== For counts of detected and suppressed errors, rerun with: -v
==3779== ERROR SUMMARY: 0 errors from 0 contexts (suppressed: 0 from 0)
